<?xml version="1.0" encoding="UTF-8" standalone="no"?>
<testsuite failures="0" name="cucumber.runtime.formatter.JUnitFormatter" skipped="0" tests="5" time="152.855667">
    <testcase classname="To validate the login function using list" name="To validate the login page" time="78.058723">
        <system-out><![CDATA[When User has to click the Sign in button...................................passed
And USer has to pass the mobile number......................................passed
]]></system-out>
    </testcase>
    <testcase classname="To validate the login function using list" name="To Validate login page using list" time="18.251476">
        <system-out><![CDATA[When User click the sign in button..........................................passed
And User pass the mobile number in to the mobile number field...............passed
]]></system-out>
    </testcase>
    <testcase classname="To validate the login function using list" name="TO validate login with valid phone number" time="12.952906">
        <system-out><![CDATA[When To click the sign in button............................................passed
And To pass the valid mobile number in to the"9688634074" mobile number field.passed
]]></system-out>
    </testcase>
    <testcase classname="To validate the login function using list" name="TO validate login with valid phone number 2" time="30.245162">
        <system-out><![CDATA[When To click the sign in button............................................passed
And To pass the valid mobile number in to the"9876543210" mobile number field.passed
]]></system-out>
    </testcase>
    <testcase classname="To validate the login function using list" name="TO validate login with valid phone number 3" time="13.3474">
        <system-out><![CDATA[When To click the sign in button............................................passed
And To pass the valid mobile number in to the"8521478520" mobile number field.passed
]]></system-out>
    </testcase>
</testsuite>
